[2025-04-23 22:15:58] local.ERROR: The /project/sandbox/user-workspace/backend/bootstrap/cache directory must be present and writable. {"exception":"[object] (Exception(code: 0): The /project/sandbox/user-workspace/backend/bootstrap/cache directory must be present and writable. at /project/sandbox/user-workspace/backend/vendor/laravel/framework/src/Illuminate/Foundation/PackageManifest.php:179)
[stacktrace]
#0 /project/sandbox/user-workspace/backend/vendor/laravel/framework/src/Illuminate/Foundation/PackageManifest.php(132): Illuminate\\Foundation\\PackageManifest->write()
#1 /project/sandbox/user-workspace/backend/vendor/laravel/framework/src/Illuminate/Foundation/PackageManifest.php(108): Illuminate\\Foundation\\PackageManifest->build()
#2 /project/sandbox/user-workspace/backend/vendor/laravel/framework/src/Illuminate/Foundation/PackageManifest.php(90): Illuminate\\Foundation\\PackageManifest->getManifest()
#3 /project/sandbox/user-workspace/backend/vendor/laravel/framework/src/Illuminate/Foundation/PackageManifest.php(79): Illuminate\\Foundation\\PackageManifest->config()
#4 /project/sandbox/user-workspace/backend/vendor/laravel/framework/src/Illuminate/Foundation/Bootstrap/RegisterFacades.php(26): Illuminate\\Foundation\\PackageManifest->aliases()
#5 /project/sandbox/user-workspace/backend/vendor/laravel/framework/src/Illuminate/Foundation/Application.php(341): Illuminate\\Foundation\\Bootstrap\\RegisterFacades->bootstrap()
#6 /project/sandbox/user-workspace/backend/vendor/laravel/framework/src/Illuminate/Foundation/Http/Kernel.php(186): Illuminate\\Foundation\\Application->bootstrapWith()
#7 /project/sandbox/user-workspace/backend/vendor/laravel/framework/src/Illuminate/Foundation/Http/Kernel.php(170): Illuminate\\Foundation\\Http\\Kernel->bootstrap()
#8 /project/sandbox/user-workspace/backend/vendor/laravel/framework/src/Illuminate/Foundation/Http/Kernel.php(144): Illuminate\\Foundation\\Http\\Kernel->sendRequestThroughRouter()
#9 /project/sandbox/user-workspace/backend/vendor/laravel/framework/src/Illuminate/Foundation/Application.php(1219): Illuminate\\Foundation\\Http\\Kernel->handle()
#10 /project/sandbox/user-workspace/backend/public/index.php(20): Illuminate\\Foundation\\Application->handleRequest()
#11 /project/sandbox/user-workspace/backend/vendor/laravel/framework/src/Illuminate/Foundation/resources/server.php(23): require_once('...')
#12 {main}
"} 
[2025-04-23 22:30:30] local.ERROR: The /project/sandbox/user-workspace/backend/bootstrap/cache directory must be present and writable. {"exception":"[object] (Exception(code: 0): The /project/sandbox/user-workspace/backend/bootstrap/cache directory must be present and writable. at /project/sandbox/user-workspace/backend/vendor/laravel/framework/src/Illuminate/Foundation/PackageManifest.php:179)
[stacktrace]
#0 /project/sandbox/user-workspace/backend/vendor/laravel/framework/src/Illuminate/Foundation/PackageManifest.php(132): Illuminate\\Foundation\\PackageManifest->write()
#1 /project/sandbox/user-workspace/backend/vendor/laravel/framework/src/Illuminate/Foundation/PackageManifest.php(108): Illuminate\\Foundation\\PackageManifest->build()
#2 /project/sandbox/user-workspace/backend/vendor/laravel/framework/src/Illuminate/Foundation/PackageManifest.php(90): Illuminate\\Foundation\\PackageManifest->getManifest()
#3 /project/sandbox/user-workspace/backend/vendor/laravel/framework/src/Illuminate/Foundation/PackageManifest.php(79): Illuminate\\Foundation\\PackageManifest->config()
#4 /project/sandbox/user-workspace/backend/vendor/laravel/framework/src/Illuminate/Foundation/Bootstrap/RegisterFacades.php(26): Illuminate\\Foundation\\PackageManifest->aliases()
#5 /project/sandbox/user-workspace/backend/vendor/laravel/framework/src/Illuminate/Foundation/Application.php(341): Illuminate\\Foundation\\Bootstrap\\RegisterFacades->bootstrap()
#6 /project/sandbox/user-workspace/backend/vendor/laravel/framework/src/Illuminate/Foundation/Http/Kernel.php(186): Illuminate\\Foundation\\Application->bootstrapWith()
#7 /project/sandbox/user-workspace/backend/vendor/laravel/framework/src/Illuminate/Foundation/Http/Kernel.php(170): Illuminate\\Foundation\\Http\\Kernel->bootstrap()
#8 /project/sandbox/user-workspace/backend/vendor/laravel/framework/src/Illuminate/Foundation/Http/Kernel.php(144): Illuminate\\Foundation\\Http\\Kernel->sendRequestThroughRouter()
#9 /project/sandbox/user-workspace/backend/vendor/laravel/framework/src/Illuminate/Foundation/Application.php(1219): Illuminate\\Foundation\\Http\\Kernel->handle()
#10 /project/sandbox/user-workspace/backend/public/index.php(20): Illuminate\\Foundation\\Application->handleRequest()
#11 /project/sandbox/user-workspace/backend/vendor/laravel/framework/src/Illuminate/Foundation/resources/server.php(23): require_once('...')
#12 {main}
"} 
[2025-04-23 22:30:30] local.ERROR: The /project/sandbox/user-workspace/backend/bootstrap/cache directory must be present and writable. {"exception":"[object] (Exception(code: 0): The /project/sandbox/user-workspace/backend/bootstrap/cache directory must be present and writable. at /project/sandbox/user-workspace/backend/vendor/laravel/framework/src/Illuminate/Foundation/PackageManifest.php:179)
[stacktrace]
#0 /project/sandbox/user-workspace/backend/vendor/laravel/framework/src/Illuminate/Foundation/PackageManifest.php(132): Illuminate\\Foundation\\PackageManifest->write()
#1 /project/sandbox/user-workspace/backend/vendor/laravel/framework/src/Illuminate/Foundation/PackageManifest.php(108): Illuminate\\Foundation\\PackageManifest->build()
#2 /project/sandbox/user-workspace/backend/vendor/laravel/framework/src/Illuminate/Foundation/PackageManifest.php(90): Illuminate\\Foundation\\PackageManifest->getManifest()
#3 /project/sandbox/user-workspace/backend/vendor/laravel/framework/src/Illuminate/Foundation/PackageManifest.php(79): Illuminate\\Foundation\\PackageManifest->config()
#4 /project/sandbox/user-workspace/backend/vendor/laravel/framework/src/Illuminate/Foundation/Bootstrap/RegisterFacades.php(26): Illuminate\\Foundation\\PackageManifest->aliases()
#5 /project/sandbox/user-workspace/backend/vendor/laravel/framework/src/Illuminate/Foundation/Application.php(341): Illuminate\\Foundation\\Bootstrap\\RegisterFacades->bootstrap()
#6 /project/sandbox/user-workspace/backend/vendor/laravel/framework/src/Illuminate/Foundation/Http/Kernel.php(186): Illuminate\\Foundation\\Application->bootstrapWith()
#7 /project/sandbox/user-workspace/backend/vendor/laravel/framework/src/Illuminate/Foundation/Http/Kernel.php(170): Illuminate\\Foundation\\Http\\Kernel->bootstrap()
#8 /project/sandbox/user-workspace/backend/vendor/laravel/framework/src/Illuminate/Foundation/Http/Kernel.php(144): Illuminate\\Foundation\\Http\\Kernel->sendRequestThroughRouter()
#9 /project/sandbox/user-workspace/backend/vendor/laravel/framework/src/Illuminate/Foundation/Application.php(1219): Illuminate\\Foundation\\Http\\Kernel->handle()
#10 /project/sandbox/user-workspace/backend/public/index.php(20): Illuminate\\Foundation\\Application->handleRequest()
#11 /project/sandbox/user-workspace/backend/vendor/laravel/framework/src/Illuminate/Foundation/resources/server.php(23): require_once('...')
#12 {main}
"} 
[2025-04-23 22:30:30] local.ERROR: The /project/sandbox/user-workspace/backend/bootstrap/cache directory must be present and writable. {"exception":"[object] (Exception(code: 0): The /project/sandbox/user-workspace/backend/bootstrap/cache directory must be present and writable. at /project/sandbox/user-workspace/backend/vendor/laravel/framework/src/Illuminate/Foundation/PackageManifest.php:179)
[stacktrace]
#0 /project/sandbox/user-workspace/backend/vendor/laravel/framework/src/Illuminate/Foundation/PackageManifest.php(132): Illuminate\\Foundation\\PackageManifest->write()
#1 /project/sandbox/user-workspace/backend/vendor/laravel/framework/src/Illuminate/Foundation/PackageManifest.php(108): Illuminate\\Foundation\\PackageManifest->build()
#2 /project/sandbox/user-workspace/backend/vendor/laravel/framework/src/Illuminate/Foundation/PackageManifest.php(90): Illuminate\\Foundation\\PackageManifest->getManifest()
#3 /project/sandbox/user-workspace/backend/vendor/laravel/framework/src/Illuminate/Foundation/PackageManifest.php(79): Illuminate\\Foundation\\PackageManifest->config()
#4 /project/sandbox/user-workspace/backend/vendor/laravel/framework/src/Illuminate/Foundation/Bootstrap/RegisterFacades.php(26): Illuminate\\Foundation\\PackageManifest->aliases()
#5 /project/sandbox/user-workspace/backend/vendor/laravel/framework/src/Illuminate/Foundation/Application.php(341): Illuminate\\Foundation\\Bootstrap\\RegisterFacades->bootstrap()
#6 /project/sandbox/user-workspace/backend/vendor/laravel/framework/src/Illuminate/Foundation/Http/Kernel.php(186): Illuminate\\Foundation\\Application->bootstrapWith()
#7 /project/sandbox/user-workspace/backend/vendor/laravel/framework/src/Illuminate/Foundation/Http/Kernel.php(170): Illuminate\\Foundation\\Http\\Kernel->bootstrap()
#8 /project/sandbox/user-workspace/backend/vendor/laravel/framework/src/Illuminate/Foundation/Http/Kernel.php(144): Illuminate\\Foundation\\Http\\Kernel->sendRequestThroughRouter()
#9 /project/sandbox/user-workspace/backend/vendor/laravel/framework/src/Illuminate/Foundation/Application.php(1219): Illuminate\\Foundation\\Http\\Kernel->handle()
#10 /project/sandbox/user-workspace/backend/public/index.php(20): Illuminate\\Foundation\\Application->handleRequest()
#11 /project/sandbox/user-workspace/backend/vendor/laravel/framework/src/Illuminate/Foundation/resources/server.php(23): require_once('...')
#12 {main}
"} 
[2025-04-23 22:30:30] local.ERROR: The /project/sandbox/user-workspace/backend/bootstrap/cache directory must be present and writable. {"exception":"[object] (Exception(code: 0): The /project/sandbox/user-workspace/backend/bootstrap/cache directory must be present and writable. at /project/sandbox/user-workspace/backend/vendor/laravel/framework/src/Illuminate/Foundation/PackageManifest.php:179)
[stacktrace]
#0 /project/sandbox/user-workspace/backend/vendor/laravel/framework/src/Illuminate/Foundation/PackageManifest.php(132): Illuminate\\Foundation\\PackageManifest->write()
#1 /project/sandbox/user-workspace/backend/vendor/laravel/framework/src/Illuminate/Foundation/PackageManifest.php(108): Illuminate\\Foundation\\PackageManifest->build()
#2 /project/sandbox/user-workspace/backend/vendor/laravel/framework/src/Illuminate/Foundation/PackageManifest.php(90): Illuminate\\Foundation\\PackageManifest->getManifest()
#3 /project/sandbox/user-workspace/backend/vendor/laravel/framework/src/Illuminate/Foundation/PackageManifest.php(79): Illuminate\\Foundation\\PackageManifest->config()
#4 /project/sandbox/user-workspace/backend/vendor/laravel/framework/src/Illuminate/Foundation/Bootstrap/RegisterFacades.php(26): Illuminate\\Foundation\\PackageManifest->aliases()
#5 /project/sandbox/user-workspace/backend/vendor/laravel/framework/src/Illuminate/Foundation/Application.php(341): Illuminate\\Foundation\\Bootstrap\\RegisterFacades->bootstrap()
#6 /project/sandbox/user-workspace/backend/vendor/laravel/framework/src/Illuminate/Foundation/Http/Kernel.php(186): Illuminate\\Foundation\\Application->bootstrapWith()
#7 /project/sandbox/user-workspace/backend/vendor/laravel/framework/src/Illuminate/Foundation/Http/Kernel.php(170): Illuminate\\Foundation\\Http\\Kernel->bootstrap()
#8 /project/sandbox/user-workspace/backend/vendor/laravel/framework/src/Illuminate/Foundation/Http/Kernel.php(144): Illuminate\\Foundation\\Http\\Kernel->sendRequestThroughRouter()
#9 /project/sandbox/user-workspace/backend/vendor/laravel/framework/src/Illuminate/Foundation/Application.php(1219): Illuminate\\Foundation\\Http\\Kernel->handle()
#10 /project/sandbox/user-workspace/backend/public/index.php(20): Illuminate\\Foundation\\Application->handleRequest()
#11 /project/sandbox/user-workspace/backend/vendor/laravel/framework/src/Illuminate/Foundation/resources/server.php(23): require_once('...')
#12 {main}
"} 
[2025-04-23 22:39:04] local.ERROR: The /project/sandbox/user-workspace/backend/bootstrap/cache directory must be present and writable. {"exception":"[object] (Exception(code: 0): The /project/sandbox/user-workspace/backend/bootstrap/cache directory must be present and writable. at /project/sandbox/user-workspace/backend/vendor/laravel/framework/src/Illuminate/Foundation/PackageManifest.php:179)
[stacktrace]
#0 /project/sandbox/user-workspace/backend/vendor/laravel/framework/src/Illuminate/Foundation/PackageManifest.php(132): Illuminate\\Foundation\\PackageManifest->write()
#1 /project/sandbox/user-workspace/backend/vendor/laravel/framework/src/Illuminate/Foundation/PackageManifest.php(108): Illuminate\\Foundation\\PackageManifest->build()
#2 /project/sandbox/user-workspace/backend/vendor/laravel/framework/src/Illuminate/Foundation/PackageManifest.php(90): Illuminate\\Foundation\\PackageManifest->getManifest()
#3 /project/sandbox/user-workspace/backend/vendor/laravel/framework/src/Illuminate/Foundation/PackageManifest.php(79): Illuminate\\Foundation\\PackageManifest->config()
#4 /project/sandbox/user-workspace/backend/vendor/laravel/framework/src/Illuminate/Foundation/Bootstrap/RegisterFacades.php(26): Illuminate\\Foundation\\PackageManifest->aliases()
#5 /project/sandbox/user-workspace/backend/vendor/laravel/framework/src/Illuminate/Foundation/Application.php(341): Illuminate\\Foundation\\Bootstrap\\RegisterFacades->bootstrap()
#6 /project/sandbox/user-workspace/backend/vendor/laravel/framework/src/Illuminate/Foundation/Http/Kernel.php(186): Illuminate\\Foundation\\Application->bootstrapWith()
#7 /project/sandbox/user-workspace/backend/vendor/laravel/framework/src/Illuminate/Foundation/Http/Kernel.php(170): Illuminate\\Foundation\\Http\\Kernel->bootstrap()
#8 /project/sandbox/user-workspace/backend/vendor/laravel/framework/src/Illuminate/Foundation/Http/Kernel.php(144): Illuminate\\Foundation\\Http\\Kernel->sendRequestThroughRouter()
#9 /project/sandbox/user-workspace/backend/vendor/laravel/framework/src/Illuminate/Foundation/Application.php(1219): Illuminate\\Foundation\\Http\\Kernel->handle()
#10 /project/sandbox/user-workspace/backend/public/index.php(20): Illuminate\\Foundation\\Application->handleRequest()
#11 /project/sandbox/user-workspace/backend/vendor/laravel/framework/src/Illuminate/Foundation/resources/server.php(23): require_once('...')
#12 {main}
"} 
[2025-04-23 22:39:45] local.ERROR: The /project/sandbox/user-workspace/backend/bootstrap/cache directory must be present and writable. {"exception":"[object] (Exception(code: 0): The /project/sandbox/user-workspace/backend/bootstrap/cache directory must be present and writable. at /project/sandbox/user-workspace/backend/vendor/laravel/framework/src/Illuminate/Foundation/PackageManifest.php:179)
[stacktrace]
#0 /project/sandbox/user-workspace/backend/vendor/laravel/framework/src/Illuminate/Foundation/PackageManifest.php(132): Illuminate\\Foundation\\PackageManifest->write()
#1 /project/sandbox/user-workspace/backend/vendor/laravel/framework/src/Illuminate/Foundation/PackageManifest.php(108): Illuminate\\Foundation\\PackageManifest->build()
#2 /project/sandbox/user-workspace/backend/vendor/laravel/framework/src/Illuminate/Foundation/PackageManifest.php(90): Illuminate\\Foundation\\PackageManifest->getManifest()
#3 /project/sandbox/user-workspace/backend/vendor/laravel/framework/src/Illuminate/Foundation/PackageManifest.php(79): Illuminate\\Foundation\\PackageManifest->config()
#4 /project/sandbox/user-workspace/backend/vendor/laravel/framework/src/Illuminate/Foundation/Bootstrap/RegisterFacades.php(26): Illuminate\\Foundation\\PackageManifest->aliases()
#5 /project/sandbox/user-workspace/backend/vendor/laravel/framework/src/Illuminate/Foundation/Application.php(341): Illuminate\\Foundation\\Bootstrap\\RegisterFacades->bootstrap()
#6 /project/sandbox/user-workspace/backend/vendor/laravel/framework/src/Illuminate/Foundation/Http/Kernel.php(186): Illuminate\\Foundation\\Application->bootstrapWith()
#7 /project/sandbox/user-workspace/backend/vendor/laravel/framework/src/Illuminate/Foundation/Http/Kernel.php(170): Illuminate\\Foundation\\Http\\Kernel->bootstrap()
#8 /project/sandbox/user-workspace/backend/vendor/laravel/framework/src/Illuminate/Foundation/Http/Kernel.php(144): Illuminate\\Foundation\\Http\\Kernel->sendRequestThroughRouter()
#9 /project/sandbox/user-workspace/backend/vendor/laravel/framework/src/Illuminate/Foundation/Application.php(1219): Illuminate\\Foundation\\Http\\Kernel->handle()
#10 /project/sandbox/user-workspace/backend/public/index.php(20): Illuminate\\Foundation\\Application->handleRequest()
#11 /project/sandbox/user-workspace/backend/vendor/laravel/framework/src/Illuminate/Foundation/resources/server.php(23): require_once('...')
#12 {main}
"} 
[2025-04-23 22:40:01] local.ERROR: The /project/sandbox/user-workspace/backend/bootstrap/cache directory must be present and writable. {"exception":"[object] (Exception(code: 0): The /project/sandbox/user-workspace/backend/bootstrap/cache directory must be present and writable. at /project/sandbox/user-workspace/backend/vendor/laravel/framework/src/Illuminate/Foundation/PackageManifest.php:179)
[stacktrace]
#0 /project/sandbox/user-workspace/backend/vendor/laravel/framework/src/Illuminate/Foundation/PackageManifest.php(132): Illuminate\\Foundation\\PackageManifest->write()
#1 /project/sandbox/user-workspace/backend/vendor/laravel/framework/src/Illuminate/Foundation/PackageManifest.php(108): Illuminate\\Foundation\\PackageManifest->build()
#2 /project/sandbox/user-workspace/backend/vendor/laravel/framework/src/Illuminate/Foundation/PackageManifest.php(90): Illuminate\\Foundation\\PackageManifest->getManifest()
#3 /project/sandbox/user-workspace/backend/vendor/laravel/framework/src/Illuminate/Foundation/PackageManifest.php(79): Illuminate\\Foundation\\PackageManifest->config()
#4 /project/sandbox/user-workspace/backend/vendor/laravel/framework/src/Illuminate/Foundation/Bootstrap/RegisterFacades.php(26): Illuminate\\Foundation\\PackageManifest->aliases()
#5 /project/sandbox/user-workspace/backend/vendor/laravel/framework/src/Illuminate/Foundation/Application.php(341): Illuminate\\Foundation\\Bootstrap\\RegisterFacades->bootstrap()
#6 /project/sandbox/user-workspace/backend/vendor/laravel/framework/src/Illuminate/Foundation/Http/Kernel.php(186): Illuminate\\Foundation\\Application->bootstrapWith()
#7 /project/sandbox/user-workspace/backend/vendor/laravel/framework/src/Illuminate/Foundation/Http/Kernel.php(170): Illuminate\\Foundation\\Http\\Kernel->bootstrap()
#8 /project/sandbox/user-workspace/backend/vendor/laravel/framework/src/Illuminate/Foundation/Http/Kernel.php(144): Illuminate\\Foundation\\Http\\Kernel->sendRequestThroughRouter()
#9 /project/sandbox/user-workspace/backend/vendor/laravel/framework/src/Illuminate/Foundation/Application.php(1219): Illuminate\\Foundation\\Http\\Kernel->handle()
#10 /project/sandbox/user-workspace/backend/public/index.php(20): Illuminate\\Foundation\\Application->handleRequest()
#11 /project/sandbox/user-workspace/backend/vendor/laravel/framework/src/Illuminate/Foundation/resources/server.php(23): require_once('...')
#12 {main}
"} 
[2025-04-23 22:42:53] local.ERROR: The /project/sandbox/user-workspace/backend/bootstrap/cache directory must be present and writable. {"exception":"[object] (Exception(code: 0): The /project/sandbox/user-workspace/backend/bootstrap/cache directory must be present and writable. at /project/sandbox/user-workspace/backend/vendor/laravel/framework/src/Illuminate/Foundation/PackageManifest.php:179)
[stacktrace]
#0 /project/sandbox/user-workspace/backend/vendor/laravel/framework/src/Illuminate/Foundation/PackageManifest.php(132): Illuminate\\Foundation\\PackageManifest->write()
#1 /project/sandbox/user-workspace/backend/vendor/laravel/framework/src/Illuminate/Foundation/PackageManifest.php(108): Illuminate\\Foundation\\PackageManifest->build()
#2 /project/sandbox/user-workspace/backend/vendor/laravel/framework/src/Illuminate/Foundation/PackageManifest.php(90): Illuminate\\Foundation\\PackageManifest->getManifest()
#3 /project/sandbox/user-workspace/backend/vendor/laravel/framework/src/Illuminate/Foundation/PackageManifest.php(79): Illuminate\\Foundation\\PackageManifest->config()
#4 /project/sandbox/user-workspace/backend/vendor/laravel/framework/src/Illuminate/Foundation/Bootstrap/RegisterFacades.php(26): Illuminate\\Foundation\\PackageManifest->aliases()
#5 /project/sandbox/user-workspace/backend/vendor/laravel/framework/src/Illuminate/Foundation/Application.php(341): Illuminate\\Foundation\\Bootstrap\\RegisterFacades->bootstrap()
#6 /project/sandbox/user-workspace/backend/vendor/laravel/framework/src/Illuminate/Foundation/Http/Kernel.php(186): Illuminate\\Foundation\\Application->bootstrapWith()
#7 /project/sandbox/user-workspace/backend/vendor/laravel/framework/src/Illuminate/Foundation/Http/Kernel.php(170): Illuminate\\Foundation\\Http\\Kernel->bootstrap()
#8 /project/sandbox/user-workspace/backend/vendor/laravel/framework/src/Illuminate/Foundation/Http/Kernel.php(144): Illuminate\\Foundation\\Http\\Kernel->sendRequestThroughRouter()
#9 /project/sandbox/user-workspace/backend/vendor/laravel/framework/src/Illuminate/Foundation/Application.php(1219): Illuminate\\Foundation\\Http\\Kernel->handle()
#10 /project/sandbox/user-workspace/backend/public/index.php(20): Illuminate\\Foundation\\Application->handleRequest()
#11 /project/sandbox/user-workspace/backend/vendor/laravel/framework/src/Illuminate/Foundation/resources/server.php(23): require_once('...')
#12 {main}
"} 
[2025-04-24 01:23:05] local.ERROR: The /project/sandbox/user-workspace/backend/bootstrap/cache directory must be present and writable. {"exception":"[object] (Exception(code: 0): The /project/sandbox/user-workspace/backend/bootstrap/cache directory must be present and writable. at /project/sandbox/user-workspace/backend/vendor/laravel/framework/src/Illuminate/Foundation/PackageManifest.php:179)
[stacktrace]
#0 /project/sandbox/user-workspace/backend/vendor/laravel/framework/src/Illuminate/Foundation/PackageManifest.php(132): Illuminate\\Foundation\\PackageManifest->write()
#1 /project/sandbox/user-workspace/backend/vendor/laravel/framework/src/Illuminate/Foundation/PackageManifest.php(108): Illuminate\\Foundation\\PackageManifest->build()
#2 /project/sandbox/user-workspace/backend/vendor/laravel/framework/src/Illuminate/Foundation/PackageManifest.php(90): Illuminate\\Foundation\\PackageManifest->getManifest()
#3 /project/sandbox/user-workspace/backend/vendor/laravel/framework/src/Illuminate/Foundation/PackageManifest.php(79): Illuminate\\Foundation\\PackageManifest->config()
#4 /project/sandbox/user-workspace/backend/vendor/laravel/framework/src/Illuminate/Foundation/Bootstrap/RegisterFacades.php(26): Illuminate\\Foundation\\PackageManifest->aliases()
#5 /project/sandbox/user-workspace/backend/vendor/laravel/framework/src/Illuminate/Foundation/Application.php(341): Illuminate\\Foundation\\Bootstrap\\RegisterFacades->bootstrap()
#6 /project/sandbox/user-workspace/backend/vendor/laravel/framework/src/Illuminate/Foundation/Http/Kernel.php(186): Illuminate\\Foundation\\Application->bootstrapWith()
#7 /project/sandbox/user-workspace/backend/vendor/laravel/framework/src/Illuminate/Foundation/Http/Kernel.php(170): Illuminate\\Foundation\\Http\\Kernel->bootstrap()
#8 /project/sandbox/user-workspace/backend/vendor/laravel/framework/src/Illuminate/Foundation/Http/Kernel.php(144): Illuminate\\Foundation\\Http\\Kernel->sendRequestThroughRouter()
#9 /project/sandbox/user-workspace/backend/vendor/laravel/framework/src/Illuminate/Foundation/Application.php(1219): Illuminate\\Foundation\\Http\\Kernel->handle()
#10 /project/sandbox/user-workspace/backend/public/index.php(20): Illuminate\\Foundation\\Application->handleRequest()
#11 /project/sandbox/user-workspace/backend/vendor/laravel/framework/src/Illuminate/Foundation/resources/server.php(23): require_once('...')
#12 {main}
"} 
[2025-04-24 01:24:39] local.ERROR: The /project/sandbox/user-workspace/backend/bootstrap/cache directory must be present and writable. {"exception":"[object] (Exception(code: 0): The /project/sandbox/user-workspace/backend/bootstrap/cache directory must be present and writable. at /project/sandbox/user-workspace/backend/vendor/laravel/framework/src/Illuminate/Foundation/PackageManifest.php:179)
[stacktrace]
#0 /project/sandbox/user-workspace/backend/vendor/laravel/framework/src/Illuminate/Foundation/PackageManifest.php(132): Illuminate\\Foundation\\PackageManifest->write()
#1 /project/sandbox/user-workspace/backend/vendor/laravel/framework/src/Illuminate/Foundation/PackageManifest.php(108): Illuminate\\Foundation\\PackageManifest->build()
#2 /project/sandbox/user-workspace/backend/vendor/laravel/framework/src/Illuminate/Foundation/PackageManifest.php(90): Illuminate\\Foundation\\PackageManifest->getManifest()
#3 /project/sandbox/user-workspace/backend/vendor/laravel/framework/src/Illuminate/Foundation/PackageManifest.php(79): Illuminate\\Foundation\\PackageManifest->config()
#4 /project/sandbox/user-workspace/backend/vendor/laravel/framework/src/Illuminate/Foundation/Bootstrap/RegisterFacades.php(26): Illuminate\\Foundation\\PackageManifest->aliases()
#5 /project/sandbox/user-workspace/backend/vendor/laravel/framework/src/Illuminate/Foundation/Application.php(341): Illuminate\\Foundation\\Bootstrap\\RegisterFacades->bootstrap()
#6 /project/sandbox/user-workspace/backend/vendor/laravel/framework/src/Illuminate/Foundation/Http/Kernel.php(186): Illuminate\\Foundation\\Application->bootstrapWith()
#7 /project/sandbox/user-workspace/backend/vendor/laravel/framework/src/Illuminate/Foundation/Http/Kernel.php(170): Illuminate\\Foundation\\Http\\Kernel->bootstrap()
#8 /project/sandbox/user-workspace/backend/vendor/laravel/framework/src/Illuminate/Foundation/Http/Kernel.php(144): Illuminate\\Foundation\\Http\\Kernel->sendRequestThroughRouter()
#9 /project/sandbox/user-workspace/backend/vendor/laravel/framework/src/Illuminate/Foundation/Application.php(1219): Illuminate\\Foundation\\Http\\Kernel->handle()
#10 /project/sandbox/user-workspace/backend/public/index.php(20): Illuminate\\Foundation\\Application->handleRequest()
#11 /project/sandbox/user-workspace/backend/vendor/laravel/framework/src/Illuminate/Foundation/resources/server.php(23): require_once('...')
#12 {main}
"} 
[2025-04-24 01:25:00] local.ERROR: The /project/sandbox/user-workspace/backend/bootstrap/cache directory must be present and writable. {"exception":"[object] (Exception(code: 0): The /project/sandbox/user-workspace/backend/bootstrap/cache directory must be present and writable. at /project/sandbox/user-workspace/backend/vendor/laravel/framework/src/Illuminate/Foundation/PackageManifest.php:179)
[stacktrace]
#0 /project/sandbox/user-workspace/backend/vendor/laravel/framework/src/Illuminate/Foundation/PackageManifest.php(132): Illuminate\\Foundation\\PackageManifest->write()
#1 /project/sandbox/user-workspace/backend/vendor/laravel/framework/src/Illuminate/Foundation/PackageManifest.php(108): Illuminate\\Foundation\\PackageManifest->build()
#2 /project/sandbox/user-workspace/backend/vendor/laravel/framework/src/Illuminate/Foundation/PackageManifest.php(90): Illuminate\\Foundation\\PackageManifest->getManifest()
#3 /project/sandbox/user-workspace/backend/vendor/laravel/framework/src/Illuminate/Foundation/PackageManifest.php(79): Illuminate\\Foundation\\PackageManifest->config()
#4 /project/sandbox/user-workspace/backend/vendor/laravel/framework/src/Illuminate/Foundation/Bootstrap/RegisterFacades.php(26): Illuminate\\Foundation\\PackageManifest->aliases()
#5 /project/sandbox/user-workspace/backend/vendor/laravel/framework/src/Illuminate/Foundation/Application.php(341): Illuminate\\Foundation\\Bootstrap\\RegisterFacades->bootstrap()
#6 /project/sandbox/user-workspace/backend/vendor/laravel/framework/src/Illuminate/Foundation/Console/Kernel.php(473): Illuminate\\Foundation\\Application->bootstrapWith()
#7 /project/sandbox/user-workspace/backend/vendor/laravel/framework/src/Illuminate/Foundation/Console/Kernel.php(195): Illuminate\\Foundation\\Console\\Kernel->bootstrap()
#8 /project/sandbox/user-workspace/backend/vendor/laravel/framework/src/Illuminate/Foundation/Application.php(1234): Illuminate\\Foundation\\Console\\Kernel->handle()
#9 /project/sandbox/user-workspace/backend/artisan(16): Illuminate\\Foundation\\Application->handleCommand()
#10 {main}
"} 
